<?xml version="1.0" encoding="UTF-8"?>
<!-- Generated by org.testng.reporters.JUnitReportReporter -->
<testsuite skipped="0" hostname="PUNITP202483L" name="Ecommerce.Ecommerce.testeigth" tests="1" failures="0" timestamp="05 Aug 2019 17:45:47 GMT" time="24.737" errors="0">
  <testcase name="dicountCoupons" time="24.737" classname="Ecommerce.Ecommerce.testeigth"/>
</testsuite> <!-- Ecommerce.Ecommerce.testeigth -->
