<?xml version="1.0" encoding="UTF-8"?>
<!-- Generated by org.testng.reporters.JUnitReportReporter -->
<testsuite skipped="0" hostname="PUNITP202483L" name="Ecommerce.Ecommerce.testfour" tests="1" failures="0" timestamp="03 Aug 2019 13:25:36 GMT" time="15.445" errors="0">
  <testcase name="fourthValidationTest" time="15.445" classname="Ecommerce.Ecommerce.testfour"/>
</testsuite> <!-- Ecommerce.Ecommerce.testfour -->
