<?xml version="1.0" encoding="UTF-8"?>
<!-- Generated by org.testng.reporters.JUnitReportReporter -->
<testsuite skipped="0" hostname="PUNITP202483L" name="Ecommerce.Ecommerce.testtwo" tests="1" failures="0" timestamp="03 Aug 2019 09:27:56 GMT" time="23.649" errors="0">
  <testcase name="secondVlaidationTest" time="23.649" classname="Ecommerce.Ecommerce.testtwo"/>
</testsuite> <!-- Ecommerce.Ecommerce.testtwo -->
