<?xml version="1.0" encoding="UTF-8"?>
<!-- Generated by org.testng.reporters.JUnitReportReporter -->
<testsuite skipped="0" hostname="PUNITP202483L" name="Ecommerce.Ecommerce.testsix" tests="1" failures="0" timestamp="05 Aug 2019 16:29:41 GMT" time="38.858" errors="0">
  <testcase name="sixthValidation" time="38.858" classname="Ecommerce.Ecommerce.testsix"/>
</testsuite> <!-- Ecommerce.Ecommerce.testsix -->
