<?xml version="1.0" encoding="UTF-8"?>
<!-- Generated by org.testng.reporters.JUnitReportReporter -->
<testsuite skipped="0" hostname="PUNITP202483L" name="Ecommerce.Ecommerce.testfive" tests="1" failures="0" timestamp="04 Aug 2019 07:30:26 GMT" time="33.486" errors="0">
  <testcase name="fifthValidationTest" time="33.486" classname="Ecommerce.Ecommerce.testfive"/>
</testsuite> <!-- Ecommerce.Ecommerce.testfive -->
