<?xml version="1.0" encoding="UTF-8"?>
<!-- Generated by org.testng.reporters.JUnitReportReporter -->
<testsuite skipped="0" hostname="PUNITP202483L" name="Ecommerce.Ecommerce.testthree" tests="1" failures="0" timestamp="03 Aug 2019 10:24:57 GMT" time="40.942" errors="0">
  <testcase name="thirdTestValidation" time="40.942" classname="Ecommerce.Ecommerce.testthree"/>
</testsuite> <!-- Ecommerce.Ecommerce.testthree -->
