<?xml version="1.0" encoding="UTF-8"?>
<!-- Generated by org.testng.reporters.JUnitReportReporter -->
<testsuite skipped="0" hostname="PUNITP202483L" name="Ecommerce.Ecommerce.testseven" tests="1" failures="0" timestamp="05 Aug 2019 17:27:03 GMT" time="17.926" errors="0">
  <testcase name="seventhValidation" time="17.926" classname="Ecommerce.Ecommerce.testseven"/>
</testsuite> <!-- Ecommerce.Ecommerce.testseven -->
