<?xml version="1.0" encoding="UTF-8"?>
<!-- Generated by org.testng.reporters.JUnitReportReporter -->
<testsuite skipped="0" hostname="PUNITP202483L" name="Ecommerce.Ecommerce.testone" tests="1" failures="0" timestamp="03 Aug 2019 09:08:49 GMT" time="11.037" errors="0">
  <testcase name="firstvalidation" time="11.037" classname="Ecommerce.Ecommerce.testone"/>
</testsuite> <!-- Ecommerce.Ecommerce.testone -->
